<?xml version="1.0" encoding="UTF-8"?>
<!-- Generated by org.testng.reporters.JUnitXMLReporter -->
<testsuite ignored="8" hostname="LTIN217455" failures="0" tests="50" name="ChromeTest" time="117.007" errors="0" timestamp="2024-02-26T17:17:40 IST">
  <testcase classname="testCases.TC001_carLoan" name="clickOnCarLoanBtn" time="0.318"/>
  <testcase classname="testCases.TC001_carLoan" name="LoanAmount" time="0.687"/>
  <testcase classname="testCases.TC001_carLoan" name="LoanInt" time="0.594"/>
  <testcase classname="testCases.TC001_carLoan" name="LoanTenure" time="0.556"/>
  <testcase classname="testCases.TC001_carLoan" name="emiAdvance" time="0.228"/>
  <testcase classname="testCases.TC001_carLoan" name="yearTableAdv" time="3.215"/>
  <testcase classname="testCases.TC001_carLoan" name="pri_int_adv" time="0.272"/>
  <testcase classname="testCases.TC001_carLoan" name="emiArrears" time="0.179"/>
  <testcase classname="testCases.TC001_carLoan" name="yearTableArr" time="3.199"/>
  <testcase classname="testCases.TC001_carLoan" name="pri_int_arr" time="0.139"/>
  <testcase classname="testCases.TC001_carLoan" name="navToHomeLoanCalc" time="10.822"/>
  <testcase classname="testCases.TC002_homeLoan" name="HomeLoanTable" time="14.541"/>
  <testcase classname="testCases.TC002_homeLoan" name="NavigateToLoanCalculators" time="11.222"/>
  <testcase classname="testCases.TC003_EMICalc" name="clickOnLoanCalBtn" time="0.15"/>
  <testcase classname="testCases.TC003_EMICalc" name="validateAmountSlider" time="1.289"/>
  <testcase classname="testCases.TC003_EMICalc" name="validateAmountUnit" time="0.048"/>
  <testcase classname="testCases.TC003_EMICalc" name="validateAmountscale" time="0.22"/>
  <testcase classname="testCases.TC003_EMICalc" name="validateInterestSlider" time="1.135"/>
  <testcase classname="testCases.TC003_EMICalc" name="validateInterestUnit" time="0.037"/>
  <testcase classname="testCases.TC003_EMICalc" name="validateInterestscale" time="0.207"/>
  <testcase classname="testCases.TC003_EMICalc" name="validateTenureSlider" time="1.188"/>
  <testcase classname="testCases.TC003_EMICalc" name="validateTenurescale" time="0.498"/>
  <testcase classname="testCases.TC003_EMICalc" name="validatefncSlider" time="1.193"/>
  <testcase classname="testCases.TC003_EMICalc" name="validatefncUnit" time="0.036"/>
  <testcase classname="testCases.TC003_EMICalc" name="validatefncscale" time="0.163"/>
  <testcase classname="testCases.TC003_EMICalc" name="clickOnLoanAmtCalcBtn" time="0.105"/>
  <testcase classname="testCases.TC004_LoanAmountCalc" name="validateEMISlider" time="1.448"/>
  <testcase classname="testCases.TC004_LoanAmountCalc" name="validateEMIUnit" time="0.043"/>
  <testcase classname="testCases.TC004_LoanAmountCalc" name="validateEMIscale" time="0.044"/>
  <testcase classname="testCases.TC004_LoanAmountCalc" name="validateInterestSlider" time="1.123"/>
  <testcase classname="testCases.TC004_LoanAmountCalc" name="validateInterestUnit" time="0.037"/>
  <testcase classname="testCases.TC004_LoanAmountCalc" name="validateInterestscale" time="0.034"/>
  <testcase classname="testCases.TC004_LoanAmountCalc" name="validateTenureSlider" time="1.164"/>
  <testcase classname="testCases.TC004_LoanAmountCalc" name="validateTenurescale" time="0.04"/>
  <testcase classname="testCases.TC004_LoanAmountCalc" name="validatefncSlider" time="1.176"/>
  <testcase classname="testCases.TC004_LoanAmountCalc" name="validatefncUnit" time="0.034"/>
  <testcase classname="testCases.TC004_LoanAmountCalc" name="validatefncscale" time="0.031"/>
  <testcase classname="testCases.TC004_LoanAmountCalc" name="clickOnloanTenureCalcBtn" time="0.251"/>
  <testcase classname="testCases.TC005_LoanTenureCalc" name="validateAmountSlider" time="1.321"/>
  <testcase classname="testCases.TC005_LoanTenureCalc" name="validateAmountUnit" time="0.038"/>
  <testcase classname="testCases.TC005_LoanTenureCalc" name="validateAmountscale" time="0.035"/>
  <testcase classname="testCases.TC005_LoanTenureCalc" name="validateEMIUnit" time="0.039"/>
  <testcase classname="testCases.TC005_LoanTenureCalc" name="validateEMIscale" time="0.038"/>
  <testcase classname="testCases.TC005_LoanTenureCalc" name="validateInterestSlider" time="1.295"/>
  <testcase classname="testCases.TC005_LoanTenureCalc" name="validateInterestUnit" time="0.039"/>
  <testcase classname="testCases.TC005_LoanTenureCalc" name="validateInterestscale" time="0.052"/>
  <testcase classname="testCases.TC005_LoanTenureCalc" name="validatefncSlider" time="1.312"/>
  <testcase classname="testCases.TC005_LoanTenureCalc" name="validateEMISlider" time="1.312"/>
  <testcase classname="testCases.TC005_LoanTenureCalc" name="validatefncUnit" time="0.068"/>
  <testcase classname="testCases.TC005_LoanTenureCalc" name="validatefncscale" time="0.037"/>
  <testcase classname="testBase.BaseClass" name="@BeforeTest driverSetup" time="0.0">
    <ignored/>
  </testcase> <!-- @BeforeTest driverSetup -->
  <testcase classname="testBase.BaseClass" name="@BeforeTest driverSetup" time="0.0">
    <ignored/>
  </testcase> <!-- @BeforeTest driverSetup -->
  <testcase classname="testBase.BaseClass" name="@AfterTest tearDown" time="0.0">
    <ignored/>
  </testcase> <!-- @AfterTest tearDown -->
  <testcase classname="testBase.BaseClass" name="@AfterTest tearDown" time="0.0">
    <ignored/>
  </testcase> <!-- @AfterTest tearDown -->
  <testcase classname="testBase.BaseClass" name="@BeforeTest driverSetup" time="0.0">
    <ignored/>
  </testcase> <!-- @BeforeTest driverSetup -->
  <testcase classname="testBase.BaseClass" name="@BeforeTest driverSetup" time="0.0">
    <ignored/>
  </testcase> <!-- @BeforeTest driverSetup -->
  <testcase classname="testBase.BaseClass" name="@AfterTest tearDown" time="0.0">
    <ignored/>
  </testcase> <!-- @AfterTest tearDown -->
  <testcase classname="testBase.BaseClass" name="@AfterTest tearDown" time="0.0">
    <ignored/>
  </testcase> <!-- @AfterTest tearDown -->
</testsuite> <!-- ChromeTest -->
