<?xml version="1.0" encoding="UTF-8"?>
<!-- Generated by org.testng.reporters.JUnitXMLReporter -->
<testsuite ignored="8" hostname="LTIN217455" failures="0" tests="50" name="EdgeTest" time="140.935" errors="0" timestamp="2024-02-26T17:20:10 IST">
  <testcase classname="testCases.TC001_carLoan" name="clickOnCarLoanBtn" time="0.22"/>
  <testcase classname="testCases.TC001_carLoan" name="LoanAmount" time="0.58"/>
  <testcase classname="testCases.TC001_carLoan" name="LoanInt" time="0.597"/>
  <testcase classname="testCases.TC001_carLoan" name="LoanTenure" time="0.629"/>
  <testcase classname="testCases.TC001_carLoan" name="emiAdvance" time="0.361"/>
  <testcase classname="testCases.TC001_carLoan" name="yearTableAdv" time="3.264"/>
  <testcase classname="testCases.TC001_carLoan" name="pri_int_adv" time="0.243"/>
  <testcase classname="testCases.TC001_carLoan" name="emiArrears" time="0.16"/>
  <testcase classname="testCases.TC001_carLoan" name="yearTableArr" time="3.201"/>
  <testcase classname="testCases.TC001_carLoan" name="pri_int_arr" time="0.114"/>
  <testcase classname="testCases.TC001_carLoan" name="navToHomeLoanCalc" time="2.388"/>
  <testcase classname="testCases.TC002_homeLoan" name="HomeLoanTable" time="10.846"/>
  <testcase classname="testCases.TC002_homeLoan" name="NavigateToLoanCalculators" time="2.256"/>
  <testcase classname="testCases.TC003_EMICalc" name="clickOnLoanCalBtn" time="0.115"/>
  <testcase classname="testCases.TC003_EMICalc" name="validateAmountSlider" time="1.181"/>
  <testcase classname="testCases.TC003_EMICalc" name="validateAmountUnit" time="0.041"/>
  <testcase classname="testCases.TC003_EMICalc" name="validateAmountscale" time="0.202"/>
  <testcase classname="testCases.TC003_EMICalc" name="validateInterestSlider" time="1.158"/>
  <testcase classname="testCases.TC003_EMICalc" name="validateInterestUnit" time="0.041"/>
  <testcase classname="testCases.TC003_EMICalc" name="validateInterestscale" time="0.196"/>
  <testcase classname="testCases.TC003_EMICalc" name="validateTenureSlider" time="1.225"/>
  <testcase classname="testCases.TC003_EMICalc" name="validateTenurescale" time="0.52"/>
  <testcase classname="testCases.TC003_EMICalc" name="validatefncSlider" time="1.289"/>
  <testcase classname="testCases.TC003_EMICalc" name="validatefncUnit" time="0.063"/>
  <testcase classname="testCases.TC003_EMICalc" name="validatefncscale" time="0.124"/>
  <testcase classname="testCases.TC003_EMICalc" name="clickOnLoanAmtCalcBtn" time="0.118"/>
  <testcase classname="testCases.TC004_LoanAmountCalc" name="validateEMISlider" time="1.438"/>
  <testcase classname="testCases.TC004_LoanAmountCalc" name="validateEMIUnit" time="0.043"/>
  <testcase classname="testCases.TC004_LoanAmountCalc" name="validateEMIscale" time="0.046"/>
  <testcase classname="testCases.TC004_LoanAmountCalc" name="validateInterestSlider" time="1.208"/>
  <testcase classname="testCases.TC004_LoanAmountCalc" name="validateInterestUnit" time="0.042"/>
  <testcase classname="testCases.TC004_LoanAmountCalc" name="validateInterestscale" time="0.041"/>
  <testcase classname="testCases.TC004_LoanAmountCalc" name="validateTenureSlider" time="1.147"/>
  <testcase classname="testCases.TC004_LoanAmountCalc" name="validateTenurescale" time="0.037"/>
  <testcase classname="testCases.TC004_LoanAmountCalc" name="validatefncSlider" time="1.202"/>
  <testcase classname="testCases.TC004_LoanAmountCalc" name="validatefncUnit" time="0.035"/>
  <testcase classname="testCases.TC004_LoanAmountCalc" name="validatefncscale" time="0.052"/>
  <testcase classname="testCases.TC004_LoanAmountCalc" name="clickOnloanTenureCalcBtn" time="0.346"/>
  <testcase classname="testCases.TC005_LoanTenureCalc" name="validateAmountSlider" time="1.45"/>
  <testcase classname="testCases.TC005_LoanTenureCalc" name="validateAmountUnit" time="0.035"/>
  <testcase classname="testCases.TC005_LoanTenureCalc" name="validateAmountscale" time="0.035"/>
  <testcase classname="testCases.TC005_LoanTenureCalc" name="validateEMIUnit" time="0.032"/>
  <testcase classname="testCases.TC005_LoanTenureCalc" name="validateEMIscale" time="0.04"/>
  <testcase classname="testCases.TC005_LoanTenureCalc" name="validateInterestSlider" time="1.259"/>
  <testcase classname="testCases.TC005_LoanTenureCalc" name="validateInterestUnit" time="0.036"/>
  <testcase classname="testCases.TC005_LoanTenureCalc" name="validateInterestscale" time="0.04"/>
  <testcase classname="testCases.TC005_LoanTenureCalc" name="validatefncSlider" time="1.219"/>
  <testcase classname="testCases.TC005_LoanTenureCalc" name="validateEMISlider" time="1.197"/>
  <testcase classname="testCases.TC005_LoanTenureCalc" name="validatefncUnit" time="0.034"/>
  <testcase classname="testCases.TC005_LoanTenureCalc" name="validatefncscale" time="0.041"/>
  <testcase classname="testBase.BaseClass" name="@BeforeTest driverSetup" time="0.0">
    <ignored/>
  </testcase> <!-- @BeforeTest driverSetup -->
  <testcase classname="testBase.BaseClass" name="@BeforeTest driverSetup" time="0.0">
    <ignored/>
  </testcase> <!-- @BeforeTest driverSetup -->
  <testcase classname="testBase.BaseClass" name="@BeforeTest driverSetup" time="0.0">
    <ignored/>
  </testcase> <!-- @BeforeTest driverSetup -->
  <testcase classname="testBase.BaseClass" name="@AfterTest tearDown" time="0.0">
    <ignored/>
  </testcase> <!-- @AfterTest tearDown -->
  <testcase classname="testBase.BaseClass" name="@AfterTest tearDown" time="0.0">
    <ignored/>
  </testcase> <!-- @AfterTest tearDown -->
  <testcase classname="testBase.BaseClass" name="@BeforeTest driverSetup" time="0.0">
    <ignored/>
  </testcase> <!-- @BeforeTest driverSetup -->
  <testcase classname="testBase.BaseClass" name="@AfterTest tearDown" time="0.0">
    <ignored/>
  </testcase> <!-- @AfterTest tearDown -->
  <testcase classname="testBase.BaseClass" name="@AfterTest tearDown" time="0.0">
    <ignored/>
  </testcase> <!-- @AfterTest tearDown -->
</testsuite> <!-- EdgeTest -->
