<?xml version="1.0" encoding="UTF-8"?>
<!-- Generated by org.testng.reporters.JUnitXMLReporter -->
<testsuite ignored="4" hostname="LTIN217455" failures="0" tests="50" name="Test" time="106.398" errors="0" timestamp="2024-02-26T16:48:57 IST">
  <testcase classname="testCases.TC001_carLoan" name="clickOnCarLoanBtn" time="0.49"/>
  <testcase classname="testCases.TC001_carLoan" name="LoanAmount" time="0.81"/>
  <testcase classname="testCases.TC001_carLoan" name="LoanInt" time="0.749"/>
  <testcase classname="testCases.TC001_carLoan" name="LoanTenure" time="0.678"/>
  <testcase classname="testCases.TC001_carLoan" name="emiAdvance" time="0.463"/>
  <testcase classname="testCases.TC001_carLoan" name="yearTableAdv" time="3.402"/>
  <testcase classname="testCases.TC001_carLoan" name="pri_int_adv" time="0.741"/>
  <testcase classname="testCases.TC001_carLoan" name="emiArrears" time="0.389"/>
  <testcase classname="testCases.TC001_carLoan" name="yearTableArr" time="3.639"/>
  <testcase classname="testCases.TC001_carLoan" name="pri_int_arr" time="0.254"/>
  <testcase classname="testCases.TC001_carLoan" name="navToHomeLoanCalc" time="2.708"/>
  <testcase classname="testCases.TC002_homeLoan" name="HomeLoanTable" time="23.725"/>
  <testcase classname="testCases.TC002_homeLoan" name="NavigateToLoanCalculators" time="2.383"/>
  <testcase classname="testCases.TC003_EMICalc" name="clickOnLoanCalBtn" time="0.251"/>
  <testcase classname="testCases.TC003_EMICalc" name="validateAmountSlider" time="1.53"/>
  <testcase classname="testCases.TC003_EMICalc" name="validateAmountUnit" time="0.082"/>
  <testcase classname="testCases.TC003_EMICalc" name="validateAmountscale" time="0.3"/>
  <testcase classname="testCases.TC003_EMICalc" name="validateInterestSlider" time="1.461"/>
  <testcase classname="testCases.TC003_EMICalc" name="validateInterestUnit" time="0.068"/>
  <testcase classname="testCases.TC003_EMICalc" name="validateInterestscale" time="0.275"/>
  <testcase classname="testCases.TC003_EMICalc" name="validateTenureSlider" time="1.608"/>
  <testcase classname="testCases.TC003_EMICalc" name="validateTenurescale" time="0.833"/>
  <testcase classname="testCases.TC003_EMICalc" name="validatefncSlider" time="1.792"/>
  <testcase classname="testCases.TC003_EMICalc" name="validatefncUnit" time="0.112"/>
  <testcase classname="testCases.TC003_EMICalc" name="validatefncscale" time="0.232"/>
  <testcase classname="testCases.TC003_EMICalc" name="clickOnLoanAmtCalcBtn" time="0.437"/>
  <testcase classname="testCases.TC004_LoanAmountCalc" name="validateEMISlider" time="1.861"/>
  <testcase classname="testCases.TC004_LoanAmountCalc" name="validateEMIUnit" time="0.073"/>
  <testcase classname="testCases.TC004_LoanAmountCalc" name="validateEMIscale" time="0.067"/>
  <testcase classname="testCases.TC004_LoanAmountCalc" name="validateInterestSlider" time="1.479"/>
  <testcase classname="testCases.TC004_LoanAmountCalc" name="validateInterestUnit" time="0.073"/>
  <testcase classname="testCases.TC004_LoanAmountCalc" name="validateInterestscale" time="0.07"/>
  <testcase classname="testCases.TC004_LoanAmountCalc" name="validateTenureSlider" time="1.539"/>
  <testcase classname="testCases.TC004_LoanAmountCalc" name="validateTenurescale" time="0.064"/>
  <testcase classname="testCases.TC004_LoanAmountCalc" name="validatefncSlider" time="1.644"/>
  <testcase classname="testCases.TC004_LoanAmountCalc" name="validatefncUnit" time="0.135"/>
  <testcase classname="testCases.TC004_LoanAmountCalc" name="validatefncscale" time="0.065"/>
  <testcase classname="testCases.TC004_LoanAmountCalc" name="clickOnloanTenureCalcBtn" time="0.591"/>
  <testcase classname="testCases.TC005_LoanTenureCalc" name="validateAmountSlider" time="1.816"/>
  <testcase classname="testCases.TC005_LoanTenureCalc" name="validateAmountUnit" time="0.07"/>
  <testcase classname="testCases.TC005_LoanTenureCalc" name="validateAmountscale" time="0.085"/>
  <testcase classname="testCases.TC005_LoanTenureCalc" name="validateEMIUnit" time="0.061"/>
  <testcase classname="testCases.TC005_LoanTenureCalc" name="validateEMIscale" time="0.072"/>
  <testcase classname="testCases.TC005_LoanTenureCalc" name="validateInterestSlider" time="1.718"/>
  <testcase classname="testCases.TC005_LoanTenureCalc" name="validateInterestUnit" time="0.08"/>
  <testcase classname="testCases.TC005_LoanTenureCalc" name="validateInterestscale" time="0.09"/>
  <testcase classname="testCases.TC005_LoanTenureCalc" name="validatefncSlider" time="1.605"/>
  <testcase classname="testCases.TC005_LoanTenureCalc" name="validateEMISlider" time="1.97"/>
  <testcase classname="testCases.TC005_LoanTenureCalc" name="validatefncUnit" time="0.093"/>
  <testcase classname="testCases.TC005_LoanTenureCalc" name="validatefncscale" time="0.068"/>
  <testcase classname="testBase.BaseClass" name="@BeforeTest driverSetup" time="0.0">
    <ignored/>
  </testcase> <!-- @BeforeTest driverSetup -->
  <testcase classname="testBase.BaseClass" name="@BeforeTest driverSetup" time="0.0">
    <ignored/>
  </testcase> <!-- @BeforeTest driverSetup -->
  <testcase classname="testBase.BaseClass" name="@BeforeTest driverSetup" time="0.0">
    <ignored/>
  </testcase> <!-- @BeforeTest driverSetup -->
  <testcase classname="testBase.BaseClass" name="@BeforeTest driverSetup" time="0.0">
    <ignored/>
  </testcase> <!-- @BeforeTest driverSetup -->
</testsuite> <!-- Test -->
