<?xml version="1.0" encoding="UTF-8"?>
<!-- Generated by org.testng.reporters.JUnitXMLReporter -->
<testsuite ignored="8" hostname="LTIN217455" failures="0" tests="50" name="EdgeTest" time="162.147" errors="0" timestamp="2024-02-28T12:02:01 IST">
  <testcase classname="testCases.TC001_carLoan" name="clickOnCarLoanBtn" time="0.63"/>
  <testcase classname="testCases.TC001_carLoan" name="LoanAmount" time="0.998"/>
  <testcase classname="testCases.TC001_carLoan" name="LoanInt" time="0.89"/>
  <testcase classname="testCases.TC001_carLoan" name="LoanTenure" time="0.775"/>
  <testcase classname="testCases.TC001_carLoan" name="emiAdvance" time="1.069"/>
  <testcase classname="testCases.TC001_carLoan" name="yearTableAdv" time="3.564"/>
  <testcase classname="testCases.TC001_carLoan" name="pri_int_adv" time="0.912"/>
  <testcase classname="testCases.TC001_carLoan" name="emiArrears" time="0.548"/>
  <testcase classname="testCases.TC001_carLoan" name="yearTableArr" time="4.334"/>
  <testcase classname="testCases.TC001_carLoan" name="pri_int_arr" time="1.39"/>
  <testcase classname="testCases.TC001_carLoan" name="navToHomeLoanCalc" time="4.267"/>
  <testcase classname="testCases.TC002_homeLoan" name="HomeLoanTable" time="40.172"/>
  <testcase classname="testCases.TC002_homeLoan" name="NavigateToLoanCalculators" time="2.64"/>
  <testcase classname="testCases.TC003_EMICalc" name="clickOnLoanCalBtn" time="0.193"/>
  <testcase classname="testCases.TC003_EMICalc" name="validateAmountSlider" time="1.8"/>
  <testcase classname="testCases.TC003_EMICalc" name="validateAmountUnit" time="0.085"/>
  <testcase classname="testCases.TC003_EMICalc" name="validateAmountscale" time="0.516"/>
  <testcase classname="testCases.TC003_EMICalc" name="validateInterestSlider" time="2.69"/>
  <testcase classname="testCases.TC003_EMICalc" name="validateInterestUnit" time="0.109"/>
  <testcase classname="testCases.TC003_EMICalc" name="validateInterestscale" time="0.566"/>
  <testcase classname="testCases.TC003_EMICalc" name="validateTenureSlider" time="1.724"/>
  <testcase classname="testCases.TC003_EMICalc" name="validateTenurescale" time="1.284"/>
  <testcase classname="testCases.TC003_EMICalc" name="validatefncSlider" time="1.816"/>
  <testcase classname="testCases.TC003_EMICalc" name="validatefncUnit" time="0.087"/>
  <testcase classname="testCases.TC003_EMICalc" name="validatefncscale" time="0.232"/>
  <testcase classname="testCases.TC003_EMICalc" name="clickOnLoanAmtCalcBtn" time="0.388"/>
  <testcase classname="testCases.TC004_LoanAmountCalc" name="validateEMISlider" time="2.412"/>
  <testcase classname="testCases.TC004_LoanAmountCalc" name="validateEMIUnit" time="0.073"/>
  <testcase classname="testCases.TC004_LoanAmountCalc" name="validateEMIscale" time="0.089"/>
  <testcase classname="testCases.TC004_LoanAmountCalc" name="validateInterestSlider" time="1.709"/>
  <testcase classname="testCases.TC004_LoanAmountCalc" name="validateInterestUnit" time="0.1"/>
  <testcase classname="testCases.TC004_LoanAmountCalc" name="validateInterestscale" time="0.127"/>
  <testcase classname="testCases.TC004_LoanAmountCalc" name="validateTenureSlider" time="1.884"/>
  <testcase classname="testCases.TC004_LoanAmountCalc" name="validateTenurescale" time="0.057"/>
  <testcase classname="testCases.TC004_LoanAmountCalc" name="validatefncSlider" time="2.984"/>
  <testcase classname="testCases.TC004_LoanAmountCalc" name="validatefncUnit" time="0.079"/>
  <testcase classname="testCases.TC004_LoanAmountCalc" name="validatefncscale" time="0.051"/>
  <testcase classname="testCases.TC004_LoanAmountCalc" name="clickOnloanTenureCalcBtn" time="1.182"/>
  <testcase classname="testCases.TC005_LoanTenureCalc" name="validateAmountSlider" time="2.187"/>
  <testcase classname="testCases.TC005_LoanTenureCalc" name="validateAmountUnit" time="0.099"/>
  <testcase classname="testCases.TC005_LoanTenureCalc" name="validateAmountscale" time="0.057"/>
  <testcase classname="testCases.TC005_LoanTenureCalc" name="validateEMIUnit" time="0.098"/>
  <testcase classname="testCases.TC005_LoanTenureCalc" name="validateEMIscale" time="0.12"/>
  <testcase classname="testCases.TC005_LoanTenureCalc" name="validateInterestSlider" time="1.407"/>
  <testcase classname="testCases.TC005_LoanTenureCalc" name="validateInterestUnit" time="0.146"/>
  <testcase classname="testCases.TC005_LoanTenureCalc" name="validateInterestscale" time="0.834"/>
  <testcase classname="testCases.TC005_LoanTenureCalc" name="validatefncSlider" time="5.811"/>
  <testcase classname="testCases.TC005_LoanTenureCalc" name="validateEMISlider" time="2.773"/>
  <testcase classname="testCases.TC005_LoanTenureCalc" name="validatefncUnit" time="0.256"/>
  <testcase classname="testCases.TC005_LoanTenureCalc" name="validatefncscale" time="0.089"/>
  <testcase classname="testBase.BaseClass" name="@BeforeTest driverSetup" time="0.0">
    <ignored/>
  </testcase> <!-- @BeforeTest driverSetup -->
  <testcase classname="testBase.BaseClass" name="@AfterTest tearDown" time="0.0">
    <ignored/>
  </testcase> <!-- @AfterTest tearDown -->
  <testcase classname="testBase.BaseClass" name="@AfterTest tearDown" time="0.0">
    <ignored/>
  </testcase> <!-- @AfterTest tearDown -->
  <testcase classname="testBase.BaseClass" name="@BeforeTest driverSetup" time="0.0">
    <ignored/>
  </testcase> <!-- @BeforeTest driverSetup -->
  <testcase classname="testBase.BaseClass" name="@AfterTest tearDown" time="0.0">
    <ignored/>
  </testcase> <!-- @AfterTest tearDown -->
  <testcase classname="testBase.BaseClass" name="@BeforeTest driverSetup" time="0.0">
    <ignored/>
  </testcase> <!-- @BeforeTest driverSetup -->
  <testcase classname="testBase.BaseClass" name="@BeforeTest driverSetup" time="0.0">
    <ignored/>
  </testcase> <!-- @BeforeTest driverSetup -->
  <testcase classname="testBase.BaseClass" name="@AfterTest tearDown" time="0.0">
    <ignored/>
  </testcase> <!-- @AfterTest tearDown -->
</testsuite> <!-- EdgeTest -->
