<?xml version="1.0" encoding="UTF-8"?>
<testsuite xmlns:xsi="http://www.w3.org/2001/XMLSchema-instance" xsi:noNamespaceSchemaLocation="https://maven.apache.org/surefire/maven-surefire-plugin/xsd/surefire-test-report-3.0.xsd" version="3.0" name="TestSuite" time="122.868" tests="50" errors="0" skipped="0" failures="0">
  <properties>
[...]
</properties>
  <testcase name="clickOnCarLoanBtn" classname="testCases.TC001_carLoan" time="1.349">
    <system-err><![CDATA[SLF4J: Failed to load class "org.slf4j.impl.StaticLoggerBinder".
SLF4J: Defaulting to no-operation (NOP) logger implementation
SLF4J: See http://www.slf4j.org/codes.html#StaticLoggerBinder for further details.
]]></system-err>
  </testcase>
  <testcase name="LoanAmount" classname="testCases.TC001_carLoan" time="1.208"/>
  <testcase name="LoanInt" classname="testCases.TC001_carLoan" time="1.001"/>
  <testcase name="LoanTenure" classname="testCases.TC001_carLoan" time="0.906"/>
  <testcase name="emiAdvance" classname="testCases.TC001_carLoan" time="0.815"/>
  <testcase name="yearTableAdv" classname="testCases.TC001_carLoan" time="3.525"/>
  <testcase name="pri_int_adv" classname="testCases.TC001_carLoan" time="0.368"/>
  <testcase name="emiArrears" classname="testCases.TC001_carLoan" time="0.607"/>
  <testcase name="yearTableArr" classname="testCases.TC001_carLoan" time="3.53"/>
  <testcase name="pri_int_arr" classname="testCases.TC001_carLoan" time="0.437"/>
  <testcase name="navToHomeLoanCalc" classname="testCases.TC001_carLoan" time="3.575"/>
  <testcase name="HomeLoanTable" classname="testCases.TC002_homeLoan" time="29.371"/>
  <testcase name="NavigateToLoanCalculators" classname="testCases.TC002_homeLoan" time="3.601"/>
  <testcase name="clickOnLoanCalBtn" classname="testCases.TC003_EMICalc" time="0.467"/>
  <testcase name="validateAmountSlider" classname="testCases.TC003_EMICalc" time="1.597"/>
  <testcase name="validateAmountUnit" classname="testCases.TC003_EMICalc" time="0.399"/>
  <testcase name="validateAmountscale" classname="testCases.TC003_EMICalc" time="0.559"/>
  <testcase name="validateInterestSlider" classname="testCases.TC003_EMICalc" time="1.592"/>
  <testcase name="validateInterestUnit" classname="testCases.TC003_EMICalc" time="0.365"/>
  <testcase name="validateInterestscale" classname="testCases.TC003_EMICalc" time="0.558"/>
  <testcase name="validateTenureSlider" classname="testCases.TC003_EMICalc" time="1.653"/>
  <testcase name="validateTenurescale" classname="testCases.TC003_EMICalc" time="1.286"/>
  <testcase name="validatefncSlider" classname="testCases.TC003_EMICalc" time="1.683"/>
  <testcase name="validatefncUnit" classname="testCases.TC003_EMICalc" time="0.447"/>
  <testcase name="validatefncscale" classname="testCases.TC003_EMICalc" time="0.522"/>
  <testcase name="clickOnLoanAmtCalcBtn" classname="testCases.TC003_EMICalc" time="0.744"/>
  <testcase name="validateEMISlider" classname="testCases.TC004_LoanAmountCalc" time="2.227"/>
  <testcase name="validateEMIUnit" classname="testCases.TC004_LoanAmountCalc" time="0.387"/>
  <testcase name="validateEMIscale" classname="testCases.TC004_LoanAmountCalc" time="0.344"/>
  <testcase name="validateInterestSlider" classname="testCases.TC004_LoanAmountCalc" time="1.658"/>
  <testcase name="validateInterestUnit" classname="testCases.TC004_LoanAmountCalc" time="0.293"/>
  <testcase name="validateInterestscale" classname="testCases.TC004_LoanAmountCalc" time="0.333"/>
  <testcase name="validateTenureSlider" classname="testCases.TC004_LoanAmountCalc" time="1.526"/>
  <testcase name="validateTenurescale" classname="testCases.TC004_LoanAmountCalc" time="0.285"/>
  <testcase name="validatefncSlider" classname="testCases.TC004_LoanAmountCalc" time="1.52"/>
  <testcase name="validatefncUnit" classname="testCases.TC004_LoanAmountCalc" time="0.313"/>
  <testcase name="validatefncscale" classname="testCases.TC004_LoanAmountCalc" time="0.311"/>
  <testcase name="clickOnloanTenureCalcBtn" classname="testCases.TC004_LoanAmountCalc" time="0.625"/>
  <testcase name="validateAmountSlider" classname="testCases.TC005_LoanTenureCalc" time="1.87"/>
  <testcase name="validateAmountUnit" classname="testCases.TC005_LoanTenureCalc" time="0.303"/>
  <testcase name="validateAmountscale" classname="testCases.TC005_LoanTenureCalc" time="0.32"/>
  <testcase name="validateEMIUnit" classname="testCases.TC005_LoanTenureCalc" time="0.267"/>
  <testcase name="validateEMIscale" classname="testCases.TC005_LoanTenureCalc" time="0.268"/>
  <testcase name="validateInterestSlider" classname="testCases.TC005_LoanTenureCalc" time="1.789"/>
  <testcase name="validateInterestUnit" classname="testCases.TC005_LoanTenureCalc" time="0.347"/>
  <testcase name="validateInterestscale" classname="testCases.TC005_LoanTenureCalc" time="0.332"/>
  <testcase name="validatefncSlider" classname="testCases.TC005_LoanTenureCalc" time="1.534"/>
  <testcase name="validateEMISlider" classname="testCases.TC005_LoanTenureCalc" time="1.634"/>
  <testcase name="validatefncUnit" classname="testCases.TC005_LoanTenureCalc" time="0.351"/>
  <testcase name="validatefncscale" classname="testCases.TC005_LoanTenureCalc" time="0.388"/>
</testsuite>