<?xml version="1.0" encoding="UTF-8"?>
<!-- Generated by org.testng.reporters.JUnitXMLReporter -->
<testsuite ignored="0" hostname="LTIN217455" failures="0" tests="2" name="Test" time="1.885" errors="0" timestamp="2024-02-19T17:38:59 IST">
  <testcase classname="testBase.BaseClass" name="@BeforeTest driverSetup" time="1.747">
    <failure type="java.lang.NullPointerException" message="Cannot invoke &amp;quot;String.equalsIgnoreCase(String)&amp;quot; because &amp;quot;browser&amp;quot; is null">
      <![CDATA[java.lang.NullPointerException: Cannot invoke "String.equalsIgnoreCase(String)" because "browser" is null
at testBase.BaseClass.driverSetup(BaseClass.java:40)
... Removed 24 stack frames]]>
    </failure>
  </testcase> <!-- @BeforeTest driverSetup -->
  <testcase classname="testCases.TC001_carLoan" name="clickOnCarLoanBtn" time="0.001">
    <skipped/>
  </testcase> <!-- clickOnCarLoanBtn -->
  <testcase classname="testCases.TC001_carLoan" name="LoanAmount" time="0.0">
    <skipped/>
  </testcase> <!-- LoanAmount -->
</testsuite> <!-- Test -->
