<?xml version="1.0" encoding="UTF-8"?>
<!-- Generated by org.testng.reporters.JUnitXMLReporter -->
<testsuite ignored="8" hostname="LTIN217455" failures="0" tests="50" name="ChromeTest" time="116.285" errors="0" timestamp="2024-03-05T10:53:12 IST">
  <testcase classname="testCases.TC001_carLoan" name="clickOnCarLoanBtn" time="0.848"/>
  <testcase classname="testCases.TC001_carLoan" name="LoanAmount" time="0.799"/>
  <testcase classname="testCases.TC001_carLoan" name="LoanInt" time="0.655"/>
  <testcase classname="testCases.TC001_carLoan" name="LoanTenure" time="0.613"/>
  <testcase classname="testCases.TC001_carLoan" name="emiAdvance" time="0.318"/>
  <testcase classname="testCases.TC001_carLoan" name="yearTableAdv" time="3.301"/>
  <testcase classname="testCases.TC001_carLoan" name="pri_int_adv" time="0.172"/>
  <testcase classname="testCases.TC001_carLoan" name="emiArrears" time="0.212"/>
  <testcase classname="testCases.TC001_carLoan" name="yearTableArr" time="3.285"/>
  <testcase classname="testCases.TC001_carLoan" name="pri_int_arr" time="0.16"/>
  <testcase classname="testCases.TC001_carLoan" name="navToHomeLoanCalc" time="3.077"/>
  <testcase classname="testCases.TC002_homeLoan" name="HomeLoanTable" time="29.083"/>
  <testcase classname="testCases.TC002_homeLoan" name="NavigateToLoanCalculators" time="3.37"/>
  <testcase classname="testCases.TC003_EMICalc" name="clickOnLoanCalBtn" time="0.162"/>
  <testcase classname="testCases.TC003_EMICalc" name="validateAmountSlider" time="1.258"/>
  <testcase classname="testCases.TC003_EMICalc" name="validateAmountUnit" time="0.053"/>
  <testcase classname="testCases.TC003_EMICalc" name="validateAmountscale" time="0.235"/>
  <testcase classname="testCases.TC003_EMICalc" name="validateInterestSlider" time="1.323"/>
  <testcase classname="testCases.TC003_EMICalc" name="validateInterestUnit" time="0.039"/>
  <testcase classname="testCases.TC003_EMICalc" name="validateInterestscale" time="0.237"/>
  <testcase classname="testCases.TC003_EMICalc" name="validateTenureSlider" time="1.309"/>
  <testcase classname="testCases.TC003_EMICalc" name="validateTenurescale" time="0.958"/>
  <testcase classname="testCases.TC003_EMICalc" name="validatefncSlider" time="1.347"/>
  <testcase classname="testCases.TC003_EMICalc" name="validatefncUnit" time="0.105"/>
  <testcase classname="testCases.TC003_EMICalc" name="validatefncscale" time="0.225"/>
  <testcase classname="testCases.TC003_EMICalc" name="clickOnLoanAmtCalcBtn" time="0.393"/>
  <testcase classname="testCases.TC004_LoanAmountCalc" name="validateEMISlider" time="1.928"/>
  <testcase classname="testCases.TC004_LoanAmountCalc" name="validateEMIUnit" time="0.049"/>
  <testcase classname="testCases.TC004_LoanAmountCalc" name="validateEMIscale" time="0.061"/>
  <testcase classname="testCases.TC004_LoanAmountCalc" name="validateInterestSlider" time="1.359"/>
  <testcase classname="testCases.TC004_LoanAmountCalc" name="validateInterestUnit" time="0.042"/>
  <testcase classname="testCases.TC004_LoanAmountCalc" name="validateInterestscale" time="0.049"/>
  <testcase classname="testCases.TC004_LoanAmountCalc" name="validateTenureSlider" time="1.276"/>
  <testcase classname="testCases.TC004_LoanAmountCalc" name="validateTenurescale" time="0.033"/>
  <testcase classname="testCases.TC004_LoanAmountCalc" name="validatefncSlider" time="1.229"/>
  <testcase classname="testCases.TC004_LoanAmountCalc" name="validatefncUnit" time="0.047"/>
  <testcase classname="testCases.TC004_LoanAmountCalc" name="validatefncscale" time="0.049"/>
  <testcase classname="testCases.TC004_LoanAmountCalc" name="clickOnloanTenureCalcBtn" time="0.323"/>
  <testcase classname="testCases.TC005_LoanTenureCalc" name="validateAmountSlider" time="1.562"/>
  <testcase classname="testCases.TC005_LoanTenureCalc" name="validateAmountUnit" time="0.047"/>
  <testcase classname="testCases.TC005_LoanTenureCalc" name="validateAmountscale" time="0.045"/>
  <testcase classname="testCases.TC005_LoanTenureCalc" name="validateEMIUnit" time="0.039"/>
  <testcase classname="testCases.TC005_LoanTenureCalc" name="validateEMIscale" time="0.037"/>
  <testcase classname="testCases.TC005_LoanTenureCalc" name="validateInterestSlider" time="1.477"/>
  <testcase classname="testCases.TC005_LoanTenureCalc" name="validateInterestUnit" time="0.062"/>
  <testcase classname="testCases.TC005_LoanTenureCalc" name="validateInterestscale" time="0.048"/>
  <testcase classname="testCases.TC005_LoanTenureCalc" name="validatefncSlider" time="1.296"/>
  <testcase classname="testCases.TC005_LoanTenureCalc" name="validateEMISlider" time="1.337"/>
  <testcase classname="testCases.TC005_LoanTenureCalc" name="validatefncUnit" time="0.048"/>
  <testcase classname="testCases.TC005_LoanTenureCalc" name="validatefncscale" time="0.081"/>
  <testcase classname="testBase.BaseClass" name="@BeforeTest driverSetup" time="0.0">
    <ignored/>
  </testcase> <!-- @BeforeTest driverSetup -->
  <testcase classname="testBase.BaseClass" name="@AfterTest tearDown" time="0.0">
    <ignored/>
  </testcase> <!-- @AfterTest tearDown -->
  <testcase classname="testBase.BaseClass" name="@AfterTest tearDown" time="0.0">
    <ignored/>
  </testcase> <!-- @AfterTest tearDown -->
  <testcase classname="testBase.BaseClass" name="@BeforeTest driverSetup" time="0.0">
    <ignored/>
  </testcase> <!-- @BeforeTest driverSetup -->
  <testcase classname="testBase.BaseClass" name="@BeforeTest driverSetup" time="0.0">
    <ignored/>
  </testcase> <!-- @BeforeTest driverSetup -->
  <testcase classname="testBase.BaseClass" name="@AfterTest tearDown" time="0.0">
    <ignored/>
  </testcase> <!-- @AfterTest tearDown -->
  <testcase classname="testBase.BaseClass" name="@BeforeTest driverSetup" time="0.0">
    <ignored/>
  </testcase> <!-- @BeforeTest driverSetup -->
  <testcase classname="testBase.BaseClass" name="@AfterTest tearDown" time="0.0">
    <ignored/>
  </testcase> <!-- @AfterTest tearDown -->
</testsuite> <!-- ChromeTest -->
